{"G:\\cursoJS\\fizzbuzz.js": {"path":"G:\\cursoJS\\fizzbuzz.js","all":false,"statementMap":{"0":{"start":{"line":1,"column":0},"end":{"line":1,"column":27}},"1":{"start":{"line":2,"column":0},"end":{"line":2,"column":0}},"2":{"start":{"line":3,"column":0},"end":{"line":3,"column":72}},"3":{"start":{"line":4,"column":0},"end":{"line":4,"column":0}},"4":{"start":{"line":5,"column":0},"end":{"line":5,"column":32}},"5":{"start":{"line":6,"column":0},"end":{"line":6,"column":56}},"6":{"start":{"line":7,"column":0},"end":{"line":7,"column":5}},"7":{"start":{"line":8,"column":0},"end":{"line":8,"column":0}},"8":{"start":{"line":9,"column":0},"end":{"line":9,"column":16}},"9":{"start":{"line":10,"column":0},"end":{"line":10,"column":70}},"10":{"start":{"line":11,"column":0},"end":{"line":11,"column":5}},"11":{"start":{"line":12,"column":0},"end":{"line":12,"column":0}},"12":{"start":{"line":13,"column":0},"end":{"line":13,"column":18}},"13":{"start":{"line":14,"column":0},"end":{"line":14,"column":17}},"14":{"start":{"line":15,"column":0},"end":{"line":15,"column":5}},"15":{"start":{"line":16,"column":0},"end":{"line":16,"column":4}},"16":{"start":{"line":17,"column":0},"end":{"line":17,"column":59}},"17":{"start":{"line":18,"column":0},"end":{"line":18,"column":26}},"18":{"start":{"line":19,"column":0},"end":{"line":19,"column":5}},"19":{"start":{"line":20,"column":0},"end":{"line":20,"column":0}},"20":{"start":{"line":21,"column":0},"end":{"line":21,"column":32}},"21":{"start":{"line":22,"column":0},"end":{"line":22,"column":22}},"22":{"start":{"line":23,"column":0},"end":{"line":23,"column":5}},"23":{"start":{"line":24,"column":0},"end":{"line":24,"column":0}},"24":{"start":{"line":25,"column":0},"end":{"line":25,"column":32}},"25":{"start":{"line":26,"column":0},"end":{"line":26,"column":22}},"26":{"start":{"line":27,"column":0},"end":{"line":27,"column":5}},"27":{"start":{"line":28,"column":0},"end":{"line":28,"column":15}},"28":{"start":{"line":29,"column":0},"end":{"line":29,"column":1}},"29":{"start":{"line":30,"column":0},"end":{"line":30,"column":0}},"30":{"start":{"line":31,"column":0},"end":{"line":31,"column":20}},"31":{"start":{"line":32,"column":0},"end":{"line":32,"column":47}},"32":{"start":{"line":33,"column":0},"end":{"line":33,"column":61}},"33":{"start":{"line":34,"column":0},"end":{"line":34,"column":5}},"34":{"start":{"line":35,"column":0},"end":{"line":35,"column":1}},"35":{"start":{"line":36,"column":0},"end":{"line":36,"column":0}},"36":{"start":{"line":37,"column":0},"end":{"line":37,"column":10}},"37":{"start":{"line":38,"column":0},"end":{"line":38,"column":0}},"38":{"start":{"line":39,"column":0},"end":{"line":39,"column":26}}},"s":{"0":24,"1":24,"2":24,"3":24,"4":24,"5":1,"6":1,"7":23,"8":24,"9":1,"10":1,"11":22,"12":24,"13":1,"14":1,"15":21,"16":24,"17":2,"18":2,"19":19,"20":24,"21":6,"22":6,"23":13,"24":24,"25":4,"26":4,"27":9,"28":9,"29":1,"30":1,"31":1,"32":16,"33":16,"34":1,"35":1,"36":1,"37":1,"38":1},"branchMap":{"0":{"type":"branch","line":1,"loc":{"start":{"line":1,"column":0},"end":{"line":29,"column":1}},"locations":[{"start":{"line":1,"column":0},"end":{"line":29,"column":1}}]},"1":{"type":"branch","line":5,"loc":{"start":{"line":5,"column":31},"end":{"line":7,"column":5}},"locations":[{"start":{"line":5,"column":31},"end":{"line":7,"column":5}}]},"2":{"type":"branch","line":7,"loc":{"start":{"line":7,"column":4},"end":{"line":9,"column":15}},"locations":[{"start":{"line":7,"column":4},"end":{"line":9,"column":15}}]},"3":{"type":"branch","line":9,"loc":{"start":{"line":9,"column":15},"end":{"line":11,"column":5}},"locations":[{"start":{"line":9,"column":15},"end":{"line":11,"column":5}}]},"4":{"type":"branch","line":11,"loc":{"start":{"line":11,"column":4},"end":{"line":13,"column":17}},"locations":[{"start":{"line":11,"column":4},"end":{"line":13,"column":17}}]},"5":{"type":"branch","line":13,"loc":{"start":{"line":13,"column":17},"end":{"line":15,"column":5}},"locations":[{"start":{"line":13,"column":17},"end":{"line":15,"column":5}}]},"6":{"type":"branch","line":15,"loc":{"start":{"line":15,"column":4},"end":{"line":17,"column":34}},"locations":[{"start":{"line":15,"column":4},"end":{"line":17,"column":34}}]},"7":{"type":"branch","line":17,"loc":{"start":{"line":17,"column":30},"end":{"line":17,"column":57}},"locations":[{"start":{"line":17,"column":30},"end":{"line":17,"column":57}}]},"8":{"type":"branch","line":17,"loc":{"start":{"line":17,"column":58},"end":{"line":19,"column":5}},"locations":[{"start":{"line":17,"column":58},"end":{"line":19,"column":5}}]},"9":{"type":"branch","line":19,"loc":{"start":{"line":19,"column":4},"end":{"line":21,"column":31}},"locations":[{"start":{"line":19,"column":4},"end":{"line":21,"column":31}}]},"10":{"type":"branch","line":21,"loc":{"start":{"line":21,"column":31},"end":{"line":23,"column":5}},"locations":[{"start":{"line":21,"column":31},"end":{"line":23,"column":5}}]},"11":{"type":"branch","line":23,"loc":{"start":{"line":23,"column":4},"end":{"line":25,"column":31}},"locations":[{"start":{"line":23,"column":4},"end":{"line":25,"column":31}}]},"12":{"type":"branch","line":25,"loc":{"start":{"line":25,"column":31},"end":{"line":27,"column":5}},"locations":[{"start":{"line":25,"column":31},"end":{"line":27,"column":5}}]},"13":{"type":"branch","line":27,"loc":{"start":{"line":27,"column":4},"end":{"line":29,"column":1}},"locations":[{"start":{"line":27,"column":4},"end":{"line":29,"column":1}}]},"14":{"type":"branch","line":3,"loc":{"start":{"line":3,"column":28},"end":{"line":3,"column":71}},"locations":[{"start":{"line":3,"column":28},"end":{"line":3,"column":71}}]},"15":{"type":"branch","line":31,"loc":{"start":{"line":31,"column":0},"end":{"line":35,"column":1}},"locations":[{"start":{"line":31,"column":0},"end":{"line":35,"column":1}}]},"16":{"type":"branch","line":32,"loc":{"start":{"line":32,"column":46},"end":{"line":34,"column":5}},"locations":[{"start":{"line":32,"column":46},"end":{"line":34,"column":5}}]}},"b":{"0":[24],"1":[1],"2":[23],"3":[1],"4":[22],"5":[1],"6":[21],"7":[8],"8":[2],"9":[19],"10":[6],"11":[13],"12":[4],"13":[9],"14":[61],"15":[1],"16":[16]},"fnMap":{"0":{"name":"fizzbuzz","decl":{"start":{"line":1,"column":0},"end":{"line":29,"column":1}},"loc":{"start":{"line":1,"column":0},"end":{"line":29,"column":1}},"line":1},"1":{"name":"calculaMultiplo","decl":{"start":{"line":3,"column":28},"end":{"line":3,"column":71}},"loc":{"start":{"line":3,"column":28},"end":{"line":3,"column":71}},"line":3},"2":{"name":"print","decl":{"start":{"line":31,"column":0},"end":{"line":35,"column":1}},"loc":{"start":{"line":31,"column":0},"end":{"line":35,"column":1}},"line":31}},"f":{"0":24,"1":61,"2":1}}
}
