TN:
SF:fizzbuzz.js
FN:1,fizzbuzz
FN:3,calculaMultiplo
FN:31,print
FNF:3
FNH:3
FNDA:24,fizzbuzz
FNDA:61,calculaMultiplo
FNDA:1,print
DA:1,24
DA:2,24
DA:3,24
DA:4,24
DA:5,24
DA:6,1
DA:7,1
DA:8,23
DA:9,24
DA:10,1
DA:11,1
DA:12,22
DA:13,24
DA:14,1
DA:15,1
DA:16,21
DA:17,24
DA:18,2
DA:19,2
DA:20,19
DA:21,24
DA:22,6
DA:23,6
DA:24,13
DA:25,24
DA:26,4
DA:27,4
DA:28,9
DA:29,9
DA:30,1
DA:31,1
DA:32,1
DA:33,16
DA:34,16
DA:35,1
DA:36,1
DA:37,1
DA:38,1
DA:39,1
LF:39
LH:39
BRDA:1,0,0,24
BRDA:5,1,0,1
BRDA:7,2,0,23
BRDA:9,3,0,1
BRDA:11,4,0,22
BRDA:13,5,0,1
BRDA:15,6,0,21
BRDA:17,7,0,8
BRDA:17,8,0,2
BRDA:19,9,0,19
BRDA:21,10,0,6
BRDA:23,11,0,13
BRDA:25,12,0,4
BRDA:27,13,0,9
BRDA:3,14,0,61
BRDA:31,15,0,1
BRDA:32,16,0,16
BRF:17
BRH:17
end_of_record
